#
# A fatal error has been detected by the Java Runtime Environment:
#
#  EXCEPTION_ACCESS_VIOLATION (0xc0000005) at pc=0x00007ffed9adcfc6, pid=10076, tid=4060
#
# JRE version: Java(TM) SE Runtime Environment (17.0.11+7) (build 17.0.11+7-LTS-207)
# Java VM: Java HotSpot(TM) 64-Bit Server VM (17.0.11+7-LTS-207, mixed mode, sharing, tiered, compressed oops, compressed class ptrs, g1 gc, windows-amd64)
# Problematic frame:
# V  [jvm.dll+0x1acfc6]
#
# No core dump will be written. Minidumps are not enabled by default on client versions of Windows
#
# If you would like to submit a bug report, please visit:
#   https://bugreport.java.com/bugreport/crash.jsp
#

---------------  S U M M A R Y ------------

Command Line: -Dclassworlds.conf=C:\Program Files (x86)\Java\apache-maven-3.9.9\bin\m2.conf -Dmaven.home=C:\Program Files (x86)\Java\apache-maven-3.9.9 -Dlibrary.jansi.path=C:\Program Files (x86)\Java\apache-maven-3.9.9\lib\jansi-native -Dmaven.multiModuleProjectDirectory=F:\login-register-portal org.codehaus.plexus.classworlds.launcher.Launcher spring-boot:run

Host: Intel(R) Core(TM) i7-2600 CPU @ 3.40GHz, 8 cores, 15G,  Windows 10 , 64 bit Build 19041 (10.0.19041.5915)
Time: Thu Nov 13 10:34:11 2025 Iran Standard Time elapsed time: 4.975359 seconds (0d 0h 0m 4s)

---------------  T H R E A D  ---------------

Current thread (0x000001fa18273e20):  GCTaskThread "GC Thread#1" [stack: 0x000000d93dc00000,0x000000d93dd00000] [id=4060]

Stack: [0x000000d93dc00000,0x000000d93dd00000],  sp=0x000000d93dcff2c8,  free space=1020k
Native frames: (J=compiled Java code, j=interpreted, Vv=VM code, C=native code)
V  [jvm.dll+0x1acfc6]


siginfo: EXCEPTION_ACCESS_VIOLATION (0xc0000005), reading address 0x000001fa3a656a6a


Registers:
RAX=0x0000000000000001, RBX=0x0000000000000001, RCX=0x0000000709ffd6c0, RDX=0x0000000709ffd6c0
RSP=0x000000d93dcff2c8, RBP=0x0000000000000064, RSI=0x0000000706958fec, RDI=0x0000000709ffd6c0
R8 =0x0000000709ffd6c0, R9 =0x000001fa3a656a62, R10=0x0000000709ffd6c0, R11=0x00007fff5c6d15e3
R12=0x000001fa180382f8, R13=0x00000000000003d8, R14=0x000001fa1e7de180, R15=0x000001fa3a656a62
RIP=0x00007ffed9adcfc6, EFLAGS=0x0000000000010202


Register to memory mapping:

RIP=0x00007ffed9adcfc6 jvm.dll
RAX=0x0000000000000001 is an unknown value
RBX=0x0000000000000001 is an unknown value
RCX=0x0000000709ffd6c0 is pointing into object: [B 
{0x0000000709ffd5d8} - klass: {type array byte}
 - length: 810
RDX=0x0000000709ffd6c0 is pointing into object: [B 
{0x0000000709ffd5d8} - klass: {type array byte}
 - length: 810
RSP=0x000000d93dcff2c8 points into unknown readable memory: 0x00007ffed9c3367c | 7c 36 c3 d9 fe 7f 00 00
RBP=0x0000000000000064 is an unknown value
RSI=0x0000000706958fec is pointing into object: java.lang.String 
{0x0000000706958fd8} - klass: 'java/lang/String'

[error occurred during error reporting (printing register info), id 0xc0000005, EXCEPTION_ACCESS_VIOLATION (0xc0000005) at pc=0x00007ffed9c9fbe2]

Top of Stack: (sp=0x000000d93dcff2c8)
0x000000d93dcff2c8:   00007ffed9c3367c 0000000000000000
0x000000d93dcff2d8:   0000000709ffdea8 0000000000000001
0x000000d93dcff2e8:   0000000000000000 0000000700000000
0x000000d93dcff2f8:   00007ffe00000000 0000000000000001
0x000000d93dcff308:   000001f9b41fd100 0000000000000001
0x000000d93dcff318:   0000000000000000 000000070690d290
0x000000d93dcff328:   0000000000000000 0000000000000040
0x000000d93dcff338:   00000000000003d8 000001fa180382f8
0x000000d93dcff348:   000001fa1e7de180 0000000706958fec
0x000000d93dcff358:   0000000000000064 0000000706958fed
0x000000d93dcff368:   00007ffed9c34572 0000000000000000
0x000000d93dcff378:   0000000000000001 0000000000000008
0x000000d93dcff388:   4f2f676e616c2f61 000001fa1dd130b0
0x000000d93dcff398:   000001fa1d390738 000001fa1dd130c0
0x000000d93dcff3a8:   0000000000000003 000001fa18b5bfb0
0x000000d93dcff3b8:   00007ffed9c3123e 000016049aededd7 

Instructions: (pc=0x00007ffed9adcfc6)
0x00007ffed9adcec6:   0f 28 44 24 20 0f 11 86 f8 02 00 00 48 8b 5c 24
0x00007ffed9adced6:   40 48 8b 74 24 48 48 83 c4 30 5f c3 48 8b 07 48
0x00007ffed9adcee6:   8d 54 24 20 48 8b cf ff 50 38 48 8b 5c 24 40 48
0x00007ffed9adcef6:   8b 74 24 48 48 83 c4 30 5f c3 48 89 5c 24 08 57
0x00007ffed9adcf06:   48 83 ec 30 48 8b 02 48 8b f9 48 8b ca 48 8b da
0x00007ffed9adcf16:   ff 50 38 84 c0 74 3c 48 83 bb 00 03 00 00 00 74
0x00007ffed9adcf26:   32 0f 10 83 f8 02 00 00 48 8b 07 48 8d 54 24 20
0x00007ffed9adcf36:   48 8b cf 0f 29 44 24 20 ff 50 40 33 c0 48 89 44
0x00007ffed9adcf46:   24 20 48 89 44 24 28 0f 28 44 24 20 0f 11 83 f8
0x00007ffed9adcf56:   02 00 00 48 8b 5c 24 40 48 83 c4 30 5f c3 cc cc
0x00007ffed9adcf66:   cc cc cc cc cc cc cc cc cc cc 48 8b 49 40 48 8b
0x00007ffed9adcf76:   01 48 ff 60 28 cc cc cc cc cc 80 3d d1 bf 95 00
0x00007ffed9adcf86:   00 48 8b c1 74 1b 8b 51 08 8b 0d 33 43 8f 00 48
0x00007ffed9adcf96:   d3 e2 48 8b c8 48 03 15 1e 43 8f 00 e9 19 00 00
0x00007ffed9adcfa6:   00 48 8b 51 08 48 8b c8 e9 0d 00 00 00 cc cc cc
0x00007ffed9adcfb6:   cc cc cc cc cc cc cc cc cc cc 4c 8b ca 48 8b d1
0x00007ffed9adcfc6:   45 8b 41 08 45 85 c0 7e 0e 41 f6 c0 01 75 56 41
0x00007ffed9adcfd6:   c1 f8 03 41 8b c0 c3 79 4c 80 3d 72 bf 95 00 00
0x00007ffed9adcfe6:   b8 0c 00 00 00 b9 10 00 00 00 0f 45 c8 8b 05 eb
0x00007ffed9adcff6:   51 8f 00 ff c8 4c 63 c8 48 63 14 11 41 8b c8 83
0x00007ffed9add006:   e1 3f 48 d3 e2 41 8b c8 48 c1 f9 10 0f b6 c1 49
0x00007ffed9add016:   8d 0c 11 49 f7 d1 48 03 c1 49 c1 e9 03 48 c1 e8
0x00007ffed9add026:   03 41 23 c1 c3 49 8b 01 49 8b c9 48 ff a0 00 01
0x00007ffed9add036:   00 00 cc cc cc cc cc cc cc cc 48 83 ec 38 0f 10
0x00007ffed9add046:   02 48 8b 49 40 48 8d 54 24 20 0f 29 44 24 20 e8
0x00007ffed9add056:   86 f2 ff ff 48 83 c4 38 c3 cc 48 83 ec 38 0f 10
0x00007ffed9add066:   02 48 8b 01 48 8d 54 24 20 0f 29 44 24 20 ff 50
0x00007ffed9add076:   38 48 83 c4 38 c3 cc cc cc cc 48 89 5c 24 08 55
0x00007ffed9add086:   56 57 41 54 41 55 41 56 41 57 48 8d 6c 24 e0 48
0x00007ffed9add096:   81 ec 20 01 00 00 48 8b 05 25 41 92 00 48 33 c4
0x00007ffed9add0a6:   48 89 45 10 48 8b 05 9f b5 94 00 45 33 ed 4c 8b
0x00007ffed9add0b6:   b5 80 00 00 00 4c 8b fa 48 8b bd 88 00 00 00 4d 


Stack slot to memory mapping:
stack at sp + 0 slots: 0x00007ffed9c3367c jvm.dll
stack at sp + 1 slots: 0x0 is NULL
stack at sp + 2 slots: 0x0000000709ffdea8 is an oop: java.lang.String 
{0x0000000709ffdea8} - klass: 'java/lang/String'

[error occurred during error reporting (inspecting top of stack), id 0xc0000005, EXCEPTION_ACCESS_VIOLATION (0xc0000005) at pc=0x00007ffed9c9fbe2]


---------------  P R O C E S S  ---------------

Threads class SMR info:
_java_thread_list=0x000001fa1dc85530, length=15, elements={
0x000001f9b4137850, 0x000001fa1800c440, 0x000001fa1800d1d0, 0x000001fa1801cec0,
0x000001fa1801d990, 0x000001fa18020270, 0x000001fa18020b40, 0x000001fa18022480,
0x000001fa18022e40, 0x000001fa18023750, 0x000001fa18160720, 0x000001fa181650b0,
0x000001fa18afaf40, 0x000001fa18c54ed0, 0x000001fa1da362c0
}

Java Threads: ( => current thread )
  0x000001f9b4137850 JavaThread "main" [_thread_blocked, id=19508, stack(0x000000d93c700000,0x000000d93c800000)]
  0x000001fa1800c440 JavaThread "Reference Handler" daemon [_thread_blocked, id=21268, stack(0x000000d93ce00000,0x000000d93cf00000)]
  0x000001fa1800d1d0 JavaThread "Finalizer" daemon [_thread_blocked, id=568, stack(0x000000d93cf00000,0x000000d93d000000)]
  0x000001fa1801cec0 JavaThread "Signal Dispatcher" daemon [_thread_blocked, id=19808, stack(0x000000d93d000000,0x000000d93d100000)]
  0x000001fa1801d990 JavaThread "Attach Listener" daemon [_thread_blocked, id=6744, stack(0x000000d93d100000,0x000000d93d200000)]
  0x000001fa18020270 JavaThread "Service Thread" daemon [_thread_blocked, id=500, stack(0x000000d93d200000,0x000000d93d300000)]
  0x000001fa18020b40 JavaThread "Monitor Deflation Thread" daemon [_thread_blocked, id=17932, stack(0x000000d93d300000,0x000000d93d400000)]
  0x000001fa18022480 JavaThread "C2 CompilerThread0" daemon [_thread_blocked, id=19472, stack(0x000000d93d400000,0x000000d93d500000)]
  0x000001fa18022e40 JavaThread "C1 CompilerThread0" daemon [_thread_blocked, id=5688, stack(0x000000d93d500000,0x000000d93d600000)]
  0x000001fa18023750 JavaThread "Sweeper thread" daemon [_thread_blocked, id=8312, stack(0x000000d93d600000,0x000000d93d700000)]
  0x000001fa18160720 JavaThread "Notification Thread" daemon [_thread_blocked, id=13136, stack(0x000000d93d700000,0x000000d93d800000)]
  0x000001fa181650b0 JavaThread "Common-Cleaner" daemon [_thread_blocked, id=16148, stack(0x000000d93d900000,0x000000d93da00000)]
  0x000001fa18afaf40 JavaThread "C2 CompilerThread1" daemon [_thread_blocked, id=20852, stack(0x000000d93da00000,0x000000d93db00000)]
  0x000001fa18c54ed0 JavaThread "C2 CompilerThread2" daemon [_thread_blocked, id=17548, stack(0x000000d93db00000,0x000000d93dc00000)]
  0x000001fa1da362c0 JavaThread "Thread-1" daemon [_thread_blocked, id=23368, stack(0x000000d93e300000,0x000000d93e400000)]

Other Threads:
  0x000001fa18007920 VMThread "VM Thread" [stack: 0x000000d93cd00000,0x000000d93ce00000] [id=22120]
  0x000001f9b41bf730 WatcherThread [stack: 0x000000d93d800000,0x000000d93d900000] [id=7476]
  0x000001f9b41a36c0 GCTaskThread "GC Thread#0" [stack: 0x000000d93c800000,0x000000d93c900000] [id=6972]
=>0x000001fa18273e20 GCTaskThread "GC Thread#1" [stack: 0x000000d93dc00000,0x000000d93dd00000] [id=4060]
  0x000001fa1d07b4d0 GCTaskThread "GC Thread#2" [stack: 0x000000d93dd00000,0x000000d93de00000] [id=16116]
  0x000001fa18ba0840 GCTaskThread "GC Thread#3" [stack: 0x000000d93de00000,0x000000d93df00000] [id=16748]
  0x000001fa1d07a1f0 GCTaskThread "GC Thread#4" [stack: 0x000000d93df00000,0x000000d93e000000] [id=728]
  0x000001fa18ba0b00 GCTaskThread "GC Thread#5" [stack: 0x000000d93e000000,0x000000d93e100000] [id=16272]
  0x000001fa187195c0 GCTaskThread "GC Thread#6" [stack: 0x000000d93e100000,0x000000d93e200000] [id=19412]
  0x000001fa1d4dc330 GCTaskThread "GC Thread#7" [stack: 0x000000d93e200000,0x000000d93e300000] [id=4324]
  0x000001f9b41b7510 ConcurrentGCThread "G1 Main Marker" [stack: 0x000000d93c900000,0x000000d93ca00000] [id=23260]
  0x000001f9b41b85d0 ConcurrentGCThread "G1 Conc#0" [stack: 0x000000d93ca00000,0x000000d93cb00000] [id=7680]
  0x000001f9b4201dc0 ConcurrentGCThread "G1 Refine#0" [stack: 0x000000d93cb00000,0x000000d93cc00000] [id=10792]
  0x000001f9b4202700 ConcurrentGCThread "G1 Service" [stack: 0x000000d93cc00000,0x000000d93cd00000] [id=16720]

Threads with active compile tasks:
C2 CompilerThread2     5031 4798       4       java.util.ArrayDeque::pollFirst (36 bytes)

VM state: at safepoint (normal execution)

VM Mutex/Monitor currently owned by a thread:  ([mutex/lock_event])
[0x000001f9b4134b70] Threads_lock - owner thread: 0x000001fa18007920
[0x000001f9b4133220] Heap_lock - owner thread: 0x000001f9b4137850

Heap address: 0x0000000700400000, size: 4092 MB, Compressed Oops mode: Zero based, Oop shift amount: 3

CDS archive(s) mapped at: [0x000001f9d7000000-0x000001f9d7bd0000-0x000001f9d7bd0000), size 12386304, SharedBaseAddress: 0x000001f9d7000000, ArchiveRelocationMode: 1.
Compressed class space mapped at: 0x000001f9d8000000-0x000001fa18000000, reserved size: 1073741824
Narrow klass base: 0x000001f9d7000000, Narrow klass shift: 0, Narrow klass range: 0x100000000

GC Precious Log:
 CPUs: 8 total, 8 available
 Memory: 16365M
 Large Page Support: Disabled
 NUMA Support: Disabled
 Compressed Oops: Enabled (Zero based)
 Heap Region Size: 2M
 Heap Min Capacity: 8M
 Heap Initial Capacity: 256M
 Heap Max Capacity: 4092M
 Pre-touch: Disabled
 Parallel Workers: 8
 Concurrent Workers: 2
 Concurrent Refinement Workers: 8
 Periodic GC: Disabled

Heap:
 garbage-first heap   total 262144K, used 191535K [0x0000000700400000, 0x0000000800000000)
  region size 2048K, 82 young (167936K), 7 survivors (14336K)
 Metaspace       used 18563K, committed 18880K, reserved 1114112K
  class space    used 2122K, committed 2304K, reserved 1048576K

Heap Regions: E=young(eden), S=young(survivor), O=old, HS=humongous(starts), HC=humongous(continues), CS=collection set, F=free, OA=open archive, CA=closed archive, TAMS=top-at-mark-start (previous, next)
|   0|0x0000000700400000, 0x0000000700600000, 0x0000000700600000|100%| O|  |TAMS 0x0000000700400000, 0x0000000700400000| Untracked 
|   1|0x0000000700600000, 0x0000000700758a00, 0x0000000700800000| 67%| O|  |TAMS 0x0000000700600000, 0x0000000700600000| Untracked 
|   2|0x0000000700800000, 0x0000000700a00000, 0x0000000700a00000|100%|HS|  |TAMS 0x0000000700800000, 0x0000000700800000| Complete 
|   3|0x0000000700a00000, 0x0000000700c00000, 0x0000000700c00000|100%|HC|  |TAMS 0x0000000700a00000, 0x0000000700a00000| Complete 
|   4|0x0000000700c00000, 0x0000000700e00000, 0x0000000700e00000|100%|HC|  |TAMS 0x0000000700c00000, 0x0000000700c00000| Complete 
|   5|0x0000000700e00000, 0x0000000701000000, 0x0000000701000000|100%|HC|  |TAMS 0x0000000700e00000, 0x0000000700e00000| Complete 
|   6|0x0000000701000000, 0x0000000701200000, 0x0000000701200000|100%|HS|  |TAMS 0x0000000701000000, 0x0000000701000000| Complete 
|   7|0x0000000701200000, 0x0000000701400000, 0x0000000701400000|100%|HC|  |TAMS 0x0000000701200000, 0x0000000701200000| Complete 
|   8|0x0000000701400000, 0x0000000701600000, 0x0000000701600000|100%|HC|  |TAMS 0x0000000701400000, 0x0000000701400000| Complete 
|   9|0x0000000701600000, 0x0000000701800000, 0x0000000701800000|100%|HC|  |TAMS 0x0000000701600000, 0x0000000701600000| Complete 
|  10|0x0000000701800000, 0x0000000701a00000, 0x0000000701a00000|100%|HC|  |TAMS 0x0000000701800000, 0x0000000701800000| Complete 
|  11|0x0000000701a00000, 0x0000000701c00000, 0x0000000701c00000|100%|HC|  |TAMS 0x0000000701a00000, 0x0000000701a00000| Complete 
|  12|0x0000000701c00000, 0x0000000701e00000, 0x0000000701e00000|100%|HS|  |TAMS 0x0000000701c00000, 0x0000000701c00000| Complete 
|  13|0x0000000701e00000, 0x0000000702000000, 0x0000000702000000|100%|HC|  |TAMS 0x0000000701e00000, 0x0000000701e00000| Complete 
|  14|0x0000000702000000, 0x0000000702200000, 0x0000000702200000|100%|HC|  |TAMS 0x0000000702000000, 0x0000000702000000| Complete 
|  15|0x0000000702200000, 0x0000000702400000, 0x0000000702400000|100%|HC|  |TAMS 0x0000000702200000, 0x0000000702200000| Complete 
|  16|0x0000000702400000, 0x0000000702600000, 0x0000000702600000|100%|HC|  |TAMS 0x0000000702400000, 0x0000000702400000| Complete 
|  17|0x0000000702600000, 0x0000000702800000, 0x0000000702800000|100%|HC|  |TAMS 0x0000000702600000, 0x0000000702600000| Complete 
|  18|0x0000000702800000, 0x0000000702800000, 0x0000000702a00000|  0%| F|  |TAMS 0x0000000702800000, 0x0000000702800000| Untracked 
|  19|0x0000000702a00000, 0x0000000702a00000, 0x0000000702c00000|  0%| F|  |TAMS 0x0000000702a00000, 0x0000000702a00000| Untracked 
|  20|0x0000000702c00000, 0x0000000702c00000, 0x0000000702e00000|  0%| F|  |TAMS 0x0000000702c00000, 0x0000000702c00000| Untracked 
|  21|0x0000000702e00000, 0x0000000702e00000, 0x0000000703000000|  0%| F|  |TAMS 0x0000000702e00000, 0x0000000702e00000| Untracked 
|  22|0x0000000703000000, 0x0000000703000000, 0x0000000703200000|  0%| F|  |TAMS 0x0000000703000000, 0x0000000703000000| Untracked 
|  23|0x0000000703200000, 0x0000000703200000, 0x0000000703400000|  0%| F|  |TAMS 0x0000000703200000, 0x0000000703200000| Untracked 
|  24|0x0000000703400000, 0x0000000703400000, 0x0000000703600000|  0%| F|  |TAMS 0x0000000703400000, 0x0000000703400000| Untracked 
|  25|0x0000000703600000, 0x0000000703600000, 0x0000000703800000|  0%| F|  |TAMS 0x0000000703600000, 0x0000000703600000| Untracked 
|  26|0x0000000703800000, 0x0000000703800000, 0x0000000703a00000|  0%| F|  |TAMS 0x0000000703800000, 0x0000000703800000| Untracked 
|  27|0x0000000703a00000, 0x0000000703a00000, 0x0000000703c00000|  0%| F|  |TAMS 0x0000000703a00000, 0x0000000703a00000| Untracked 
|  28|0x0000000703c00000, 0x0000000703c00000, 0x0000000703e00000|  0%| F|  |TAMS 0x0000000703c00000, 0x0000000703c00000| Untracked 
|  29|0x0000000703e00000, 0x0000000703e00000, 0x0000000704000000|  0%| F|  |TAMS 0x0000000703e00000, 0x0000000703e00000| Untracked 
|  30|0x0000000704000000, 0x0000000704000000, 0x0000000704200000|  0%| F|  |TAMS 0x0000000704000000, 0x0000000704000000| Untracked 
|  31|0x0000000704200000, 0x0000000704200000, 0x0000000704400000|  0%| F|  |TAMS 0x0000000704200000, 0x0000000704200000| Untracked 
|  32|0x0000000704400000, 0x0000000704400000, 0x0000000704600000|  0%| F|  |TAMS 0x0000000704400000, 0x0000000704400000| Untracked 
|  33|0x0000000704600000, 0x0000000704600000, 0x0000000704800000|  0%| F|  |TAMS 0x0000000704600000, 0x0000000704600000| Untracked 
|  34|0x0000000704800000, 0x0000000704800000, 0x0000000704a00000|  0%| F|  |TAMS 0x0000000704800000, 0x0000000704800000| Untracked 
|  35|0x0000000704a00000, 0x0000000704a00000, 0x0000000704c00000|  0%| F|  |TAMS 0x0000000704a00000, 0x0000000704a00000| Untracked 
|  36|0x0000000704c00000, 0x0000000704c00000, 0x0000000704e00000|  0%| F|  |TAMS 0x0000000704c00000, 0x0000000704c00000| Untracked 
|  37|0x0000000704e00000, 0x0000000704e00000, 0x0000000705000000|  0%| F|  |TAMS 0x0000000704e00000, 0x0000000704e00000| Untracked 
|  38|0x0000000705000000, 0x0000000705000000, 0x0000000705200000|  0%| F|  |TAMS 0x0000000705000000, 0x0000000705000000| Untracked 
|  39|0x0000000705200000, 0x0000000705200000, 0x0000000705400000|  0%| F|  |TAMS 0x0000000705200000, 0x0000000705200000| Untracked 
|  40|0x0000000705400000, 0x0000000705400000, 0x0000000705600000|  0%| F|  |TAMS 0x0000000705400000, 0x0000000705400000| Untracked 
|  41|0x0000000705600000, 0x0000000705600000, 0x0000000705800000|  0%| F|  |TAMS 0x0000000705600000, 0x0000000705600000| Untracked 
|  42|0x0000000705800000, 0x0000000705800000, 0x0000000705a00000|  0%| F|  |TAMS 0x0000000705800000, 0x0000000705800000| Untracked 
|  43|0x0000000705a00000, 0x0000000705a00000, 0x0000000705c00000|  0%| F|  |TAMS 0x0000000705a00000, 0x0000000705a00000| Untracked 
|  44|0x0000000705c00000, 0x0000000705c00000, 0x0000000705e00000|  0%| F|  |TAMS 0x0000000705c00000, 0x0000000705c00000| Untracked 
|  45|0x0000000705e00000, 0x0000000705e775c0, 0x0000000706000000| 23%| S|  |TAMS 0x0000000705e00000, 0x0000000705e00000| Complete 
|  46|0x0000000706000000, 0x0000000706200000, 0x0000000706200000|100%| S|  |TAMS 0x0000000706000000, 0x0000000706000000| Complete 
|  47|0x0000000706200000, 0x0000000706400000, 0x0000000706400000|100%| S|  |TAMS 0x0000000706200000, 0x0000000706200000| Complete 
|  48|0x0000000706400000, 0x0000000706600000, 0x0000000706600000|100%| S|  |TAMS 0x0000000706400000, 0x0000000706400000| Complete 
|  49|0x0000000706600000, 0x0000000706800000, 0x0000000706800000|100%| S|  |TAMS 0x0000000706600000, 0x0000000706600000| Complete 
|  50|0x0000000706800000, 0x0000000706a00000, 0x0000000706a00000|100%| S|  |TAMS 0x0000000706800000, 0x0000000706800000| Complete 
|  51|0x0000000706a00000, 0x0000000706c00000, 0x0000000706c00000|100%| S|  |TAMS 0x0000000706a00000, 0x0000000706a00000| Complete 
|  52|0x0000000706c00000, 0x0000000706e00000, 0x0000000706e00000|100%| E|CS|TAMS 0x0000000706c00000, 0x0000000706c00000| Complete 
|  53|0x0000000706e00000, 0x0000000707000000, 0x0000000707000000|100%| E|CS|TAMS 0x0000000706e00000, 0x0000000706e00000| Complete 
|  54|0x0000000707000000, 0x0000000707200000, 0x0000000707200000|100%| E|CS|TAMS 0x0000000707000000, 0x0000000707000000| Complete 
|  55|0x0000000707200000, 0x0000000707400000, 0x0000000707400000|100%| E|CS|TAMS 0x0000000707200000, 0x0000000707200000| Complete 
|  56|0x0000000707400000, 0x0000000707600000, 0x0000000707600000|100%| E|CS|TAMS 0x0000000707400000, 0x0000000707400000| Complete 
|  57|0x0000000707600000, 0x0000000707800000, 0x0000000707800000|100%| E|CS|TAMS 0x0000000707600000, 0x0000000707600000| Complete 
|  58|0x0000000707800000, 0x0000000707a00000, 0x0000000707a00000|100%| E|CS|TAMS 0x0000000707800000, 0x0000000707800000| Complete 
|  59|0x0000000707a00000, 0x0000000707c00000, 0x0000000707c00000|100%| E|CS|TAMS 0x0000000707a00000, 0x0000000707a00000| Complete 
|  60|0x0000000707c00000, 0x0000000707e00000, 0x0000000707e00000|100%| E|CS|TAMS 0x0000000707c00000, 0x0000000707c00000| Complete 
|  61|0x0000000707e00000, 0x0000000708000000, 0x0000000708000000|100%| E|CS|TAMS 0x0000000707e00000, 0x0000000707e00000| Complete 
|  62|0x0000000708000000, 0x0000000708200000, 0x0000000708200000|100%| E|CS|TAMS 0x0000000708000000, 0x0000000708000000| Complete 
|  63|0x0000000708200000, 0x0000000708400000, 0x0000000708400000|100%| E|CS|TAMS 0x0000000708200000, 0x0000000708200000| Complete 
|  64|0x0000000708400000, 0x0000000708600000, 0x0000000708600000|100%| E|CS|TAMS 0x0000000708400000, 0x0000000708400000| Complete 
|  65|0x0000000708600000, 0x0000000708800000, 0x0000000708800000|100%| E|CS|TAMS 0x0000000708600000, 0x0000000708600000| Complete 
|  66|0x0000000708800000, 0x0000000708a00000, 0x0000000708a00000|100%| E|CS|TAMS 0x0000000708800000, 0x0000000708800000| Complete 
|  67|0x0000000708a00000, 0x0000000708c00000, 0x0000000708c00000|100%| E|CS|TAMS 0x0000000708a00000, 0x0000000708a00000| Complete 
|  68|0x0000000708c00000, 0x0000000708e00000, 0x0000000708e00000|100%| E|CS|TAMS 0x0000000708c00000, 0x0000000708c00000| Complete 
|  69|0x0000000708e00000, 0x0000000709000000, 0x0000000709000000|100%| E|CS|TAMS 0x0000000708e00000, 0x0000000708e00000| Complete 
|  70|0x0000000709000000, 0x0000000709200000, 0x0000000709200000|100%| E|CS|TAMS 0x0000000709000000, 0x0000000709000000| Complete 
|  71|0x0000000709200000, 0x0000000709400000, 0x0000000709400000|100%| E|CS|TAMS 0x0000000709200000, 0x0000000709200000| Complete 
|  72|0x0000000709400000, 0x0000000709600000, 0x0000000709600000|100%| E|CS|TAMS 0x0000000709400000, 0x0000000709400000| Complete 
|  73|0x0000000709600000, 0x0000000709800000, 0x0000000709800000|100%| E|CS|TAMS 0x0000000709600000, 0x0000000709600000| Complete 
|  74|0x0000000709800000, 0x0000000709a00000, 0x0000000709a00000|100%| E|CS|TAMS 0x0000000709800000, 0x0000000709800000| Complete 
|  75|0x0000000709a00000, 0x0000000709c00000, 0x0000000709c00000|100%| E|CS|TAMS 0x0000000709a00000, 0x0000000709a00000| Complete 
|  76|0x0000000709c00000, 0x0000000709e00000, 0x0000000709e00000|100%| E|CS|TAMS 0x0000000709c00000, 0x0000000709c00000| Complete 
|  77|0x0000000709e00000, 0x000000070a000000, 0x000000070a000000|100%| E|CS|TAMS 0x0000000709e00000, 0x0000000709e00000| Complete 
|  78|0x000000070a000000, 0x000000070a200000, 0x000000070a200000|100%| E|CS|TAMS 0x000000070a000000, 0x000000070a000000| Complete 
|  79|0x000000070a200000, 0x000000070a400000, 0x000000070a400000|100%| E|CS|TAMS 0x000000070a200000, 0x000000070a200000| Complete 
|  80|0x000000070a400000, 0x000000070a600000, 0x000000070a600000|100%| E|CS|TAMS 0x000000070a400000, 0x000000070a400000| Complete 
|  81|0x000000070a600000, 0x000000070a800000, 0x000000070a800000|100%| E|CS|TAMS 0x000000070a600000, 0x000000070a600000| Complete 
|  82|0x000000070a800000, 0x000000070aa00000, 0x000000070aa00000|100%| E|CS|TAMS 0x000000070a800000, 0x000000070a800000| Complete 
|  83|0x000000070aa00000, 0x000000070ac00000, 0x000000070ac00000|100%| E|CS|TAMS 0x000000070aa00000, 0x000000070aa00000| Complete 
|  84|0x000000070ac00000, 0x000000070ae00000, 0x000000070ae00000|100%| E|CS|TAMS 0x000000070ac00000, 0x000000070ac00000| Complete 
|  85|0x000000070ae00000, 0x000000070b000000, 0x000000070b000000|100%| E|CS|TAMS 0x000000070ae00000, 0x000000070ae00000| Complete 
|  86|0x000000070b000000, 0x000000070b200000, 0x000000070b200000|100%| E|CS|TAMS 0x000000070b000000, 0x000000070b000000| Complete 
|  87|0x000000070b200000, 0x000000070b400000, 0x000000070b400000|100%| E|CS|TAMS 0x000000070b200000, 0x000000070b200000| Complete 
|  88|0x000000070b400000, 0x000000070b600000, 0x000000070b600000|100%| E|CS|TAMS 0x000000070b400000, 0x000000070b400000| Complete 
|  89|0x000000070b600000, 0x000000070b800000, 0x000000070b800000|100%| E|CS|TAMS 0x000000070b600000, 0x000000070b600000| Complete 
|  90|0x000000070b800000, 0x000000070ba00000, 0x000000070ba00000|100%| E|CS|TAMS 0x000000070b800000, 0x000000070b800000| Complete 
|  91|0x000000070ba00000, 0x000000070bc00000, 0x000000070bc00000|100%| E|CS|TAMS 0x000000070ba00000, 0x000000070ba00000| Complete 
|  92|0x000000070bc00000, 0x000000070be00000, 0x000000070be00000|100%| E|CS|TAMS 0x000000070bc00000, 0x000000070bc00000| Complete 
|  93|0x000000070be00000, 0x000000070c000000, 0x000000070c000000|100%| E|CS|TAMS 0x000000070be00000, 0x000000070be00000| Complete 
|  94|0x000000070c000000, 0x000000070c200000, 0x000000070c200000|100%| E|CS|TAMS 0x000000070c000000, 0x000000070c000000| Complete 
|  95|0x000000070c200000, 0x000000070c400000, 0x000000070c400000|100%| E|CS|TAMS 0x000000070c200000, 0x000000070c200000| Complete 
|  96|0x000000070c400000, 0x000000070c600000, 0x000000070c600000|100%| E|CS|TAMS 0x000000070c400000, 0x000000070c400000| Complete 
|  97|0x000000070c600000, 0x000000070c800000, 0x000000070c800000|100%| E|CS|TAMS 0x000000070c600000, 0x000000070c600000| Complete 
|  98|0x000000070c800000, 0x000000070ca00000, 0x000000070ca00000|100%| E|CS|TAMS 0x000000070c800000, 0x000000070c800000| Complete 
|  99|0x000000070ca00000, 0x000000070cc00000, 0x000000070cc00000|100%| E|CS|TAMS 0x000000070ca00000, 0x000000070ca00000| Complete 
| 100|0x000000070cc00000, 0x000000070ce00000, 0x000000070ce00000|100%| E|CS|TAMS 0x000000070cc00000, 0x000000070cc00000| Complete 
| 101|0x000000070ce00000, 0x000000070d000000, 0x000000070d000000|100%| E|CS|TAMS 0x000000070ce00000, 0x000000070ce00000| Complete 
| 102|0x000000070d000000, 0x000000070d200000, 0x000000070d200000|100%| E|CS|TAMS 0x000000070d000000, 0x000000070d000000| Complete 
| 103|0x000000070d200000, 0x000000070d400000, 0x000000070d400000|100%| E|CS|TAMS 0x000000070d200000, 0x000000070d200000| Complete 
| 104|0x000000070d400000, 0x000000070d600000, 0x000000070d600000|100%| E|CS|TAMS 0x000000070d400000, 0x000000070d400000| Complete 
| 105|0x000000070d600000, 0x000000070d800000, 0x000000070d800000|100%| E|CS|TAMS 0x000000070d600000, 0x000000070d600000| Complete 
| 106|0x000000070d800000, 0x000000070da00000, 0x000000070da00000|100%| E|CS|TAMS 0x000000070d800000, 0x000000070d800000| Complete 
| 107|0x000000070da00000, 0x000000070dc00000, 0x000000070dc00000|100%| E|CS|TAMS 0x000000070da00000, 0x000000070da00000| Complete 
| 108|0x000000070dc00000, 0x000000070de00000, 0x000000070de00000|100%| E|CS|TAMS 0x000000070dc00000, 0x000000070dc00000| Complete 
| 109|0x000000070de00000, 0x000000070e000000, 0x000000070e000000|100%| E|CS|TAMS 0x000000070de00000, 0x000000070de00000| Complete 
| 110|0x000000070e000000, 0x000000070e1b3238, 0x000000070e200000| 84%| E|CS|TAMS 0x000000070e000000, 0x000000070e000000| Complete 
| 111|0x000000070e200000, 0x000000070e400000, 0x000000070e400000|100%| E|CS|TAMS 0x000000070e200000, 0x000000070e200000| Complete 
| 112|0x000000070e400000, 0x000000070e600000, 0x000000070e600000|100%| E|CS|TAMS 0x000000070e400000, 0x000000070e400000| Complete 
| 113|0x000000070e600000, 0x000000070e800000, 0x000000070e800000|100%| E|CS|TAMS 0x000000070e600000, 0x000000070e600000| Complete 
| 114|0x000000070e800000, 0x000000070ea00000, 0x000000070ea00000|100%| E|CS|TAMS 0x000000070e800000, 0x000000070e800000| Complete 
| 115|0x000000070ea00000, 0x000000070ec00000, 0x000000070ec00000|100%| E|CS|TAMS 0x000000070ea00000, 0x000000070ea00000| Complete 
| 116|0x000000070ec00000, 0x000000070ee00000, 0x000000070ee00000|100%| E|CS|TAMS 0x000000070ec00000, 0x000000070ec00000| Complete 
| 117|0x000000070ee00000, 0x000000070f000000, 0x000000070f000000|100%| E|CS|TAMS 0x000000070ee00000, 0x000000070ee00000| Complete 
| 118|0x000000070f000000, 0x000000070f200000, 0x000000070f200000|100%| E|CS|TAMS 0x000000070f000000, 0x000000070f000000| Complete 
| 119|0x000000070f200000, 0x000000070f400000, 0x000000070f400000|100%| E|CS|TAMS 0x000000070f200000, 0x000000070f200000| Complete 
| 120|0x000000070f400000, 0x000000070f600000, 0x000000070f600000|100%| E|CS|TAMS 0x000000070f400000, 0x000000070f400000| Complete 
| 121|0x000000070f600000, 0x000000070f800000, 0x000000070f800000|100%| E|CS|TAMS 0x000000070f600000, 0x000000070f600000| Complete 
| 122|0x000000070f800000, 0x000000070fa00000, 0x000000070fa00000|100%| E|CS|TAMS 0x000000070f800000, 0x000000070f800000| Complete 
| 123|0x000000070fa00000, 0x000000070fc00000, 0x000000070fc00000|100%| E|CS|TAMS 0x000000070fa00000, 0x000000070fa00000| Complete 
| 124|0x000000070fc00000, 0x000000070fe00000, 0x000000070fe00000|100%| E|CS|TAMS 0x000000070fc00000, 0x000000070fc00000| Complete 
| 125|0x000000070fe00000, 0x0000000710000000, 0x0000000710000000|100%| E|CS|TAMS 0x000000070fe00000, 0x000000070fe00000| Complete 
| 126|0x0000000710000000, 0x0000000710200000, 0x0000000710200000|100%| E|CS|TAMS 0x0000000710000000, 0x0000000710000000| Complete 
| 127|0x0000000710200000, 0x0000000710400000, 0x0000000710400000|100%| E|CS|TAMS 0x0000000710200000, 0x0000000710200000| Complete 

Card table byte_map: [0x000001f9cb530000,0x000001f9cbd30000] _byte_map_base: 0x000001f9c7d2e000

Marking Bits (Prev, Next): (CMBitMap*) 0x000001f9b41a4c00, (CMBitMap*) 0x000001f9b41a4c40
 Prev Bits: [0x000001f9cc530000, 0x000001f9d0520000)
 Next Bits: [0x000001f9d0520000, 0x000001f9d4510000)

Polling page: 0x000001f9b2080000

Metaspace:

Usage:
  Non-class:     16.06 MB used.
      Class:      2.07 MB used.
       Both:     18.13 MB used.

Virtual space:
  Non-class space:       64.00 MB reserved,      16.19 MB ( 25%) committed,  1 nodes.
      Class space:        1.00 GB reserved,       2.25 MB ( <1%) committed,  1 nodes.
             Both:        1.06 GB reserved,      18.44 MB (  2%) committed. 

Chunk freelists:
   Non-Class:  15.61 MB
       Class:  13.69 MB
        Both:  29.30 MB

MaxMetaspaceSize: unlimited
CompressedClassSpaceSize: 1.00 GB
Initial GC threshold: 21.00 MB
Current GC threshold: 21.00 MB
CDS: on
MetaspaceReclaimPolicy: balanced
 - commit_granule_bytes: 65536.
 - commit_granule_words: 8192.
 - virtual_space_node_default_size: 8388608.
 - enlarge_chunks_in_place: 1.
 - new_chunks_are_fully_committed: 0.
 - uncommit_free_chunks: 1.
 - use_allocation_guard: 0.
 - handle_deallocations: 1.


Internal statistics:

num_allocs_failed_limit: 0.
num_arena_births: 138.
num_arena_deaths: 0.
num_vsnodes_births: 2.
num_vsnodes_deaths: 0.
num_space_committed: 295.
num_space_uncommitted: 0.
num_chunks_returned_to_freelist: 0.
num_chunks_taken_from_freelist: 824.
num_chunk_merges: 0.
num_chunk_splits: 544.
num_chunks_enlarged: 428.
num_inconsistent_stats: 0.

CodeHeap 'non-profiled nmethods': size=120000Kb used=2544Kb max_used=2544Kb free=117455Kb
 bounds [0x000001f9c34d0000, 0x000001f9c3750000, 0x000001f9caa00000]
CodeHeap 'profiled nmethods': size=120000Kb used=10376Kb max_used=10376Kb free=109623Kb
 bounds [0x000001f9bba00000, 0x000001f9bc430000, 0x000001f9c2f30000]
CodeHeap 'non-nmethods': size=5760Kb used=1183Kb max_used=1245Kb free=4576Kb
 bounds [0x000001f9c2f30000, 0x000001f9c31a0000, 0x000001f9c34d0000]
 total_blobs=5275 nmethods=4797 adapters=390
 compilation: enabled
              stopped_count=0, restarted_count=0
 full_count=0

Compilation events (20 events):
Event: 4.891 Thread 0x000001fa18022e40 nmethod 4788 0x000001f9bc419890 code [0x000001f9bc419a40, 0x000001f9bc419be8]
Event: 4.891 Thread 0x000001fa18022e40 4789       3       java.util.ImmutableCollections$SetN$SetNIterator::<init> (36 bytes)
Event: 4.891 Thread 0x000001fa18022e40 nmethod 4789 0x000001f9bc419c90 code [0x000001f9bc419e40, 0x000001f9bc41a058]
Event: 4.892 Thread 0x000001fa18022e40 4790       3       java.io.OutputStream::flush (1 bytes)
Event: 4.892 Thread 0x000001fa18022e40 nmethod 4790 0x000001f9bc41a190 code [0x000001f9bc41a320, 0x000001f9bc41a438]
Event: 4.892 Thread 0x000001fa18022e40 4791       3       java.lang.Module::canRead (86 bytes)
Event: 4.893 Thread 0x000001fa18022e40 nmethod 4791 0x000001f9bc41a510 code [0x000001f9bc41a8c0, 0x000001f9bc41c408]
Event: 4.894 Thread 0x000001fa18022e40 4792       3       org.apache.maven.artifact.resolver.filter.CumulativeScopeArtifactFilter::include (6 bytes)
Event: 4.894 Thread 0x000001fa18022e40 nmethod 4792 0x000001f9bc41ca90 code [0x000001f9bc41cc20, 0x000001f9bc41cd68]
Event: 4.895 Thread 0x000001fa18022e40 4793       3       org.apache.maven.artifact.resolver.filter.AbstractScopeArtifactFilter::include (97 bytes)
Event: 4.895 Thread 0x000001fa18022e40 nmethod 4793 0x000001f9bc41ce10 code [0x000001f9bc41d040, 0x000001f9bc41d6e8]
Event: 4.899 Thread 0x000001fa18022e40 4794       3       java.lang.Math::min (46 bytes)
Event: 4.899 Thread 0x000001fa18022e40 nmethod 4794 0x000001f9bc41d890 code [0x000001f9bc41da40, 0x000001f9bc41dd98]
Event: 4.899 Thread 0x000001fa18afaf40 4795       4       java.util.jar.Attributes$Name::hash (148 bytes)
Event: 4.901 Thread 0x000001fa18c54ed0 4796       4       java.util.jar.Manifest$FastInputStream::peek (38 bytes)
Event: 4.901 Thread 0x000001fa18022e40 4797   !   3       java.util.zip.ZipFile$Source::findEND (669 bytes)
Event: 4.902 Thread 0x000001fa18c54ed0 nmethod 4796 0x000001f9c374b510 code [0x000001f9c374b6a0, 0x000001f9c374b7a8]
Event: 4.905 Thread 0x000001fa18022e40 nmethod 4797 0x000001f9bc41de10 code [0x000001f9bc41e2a0, 0x000001f9bc420ca8]
Event: 4.906 Thread 0x000001fa18c54ed0 4798       4       java.util.ArrayDeque::pollFirst (36 bytes)
Event: 4.906 Thread 0x000001fa18afaf40 nmethod 4795 0x000001f9c374b890 code [0x000001f9c374ba20, 0x000001f9c374be18]

GC Heap History (5 events):
Event: 0.810 GC heap before
{Heap before GC invocations=0 (full 0):
 garbage-first heap   total 262144K, used 22528K [0x0000000700400000, 0x0000000800000000)
  region size 2048K, 11 young (22528K), 0 survivors (0K)
 Metaspace       used 5427K, committed 5632K, reserved 1114112K
  class space    used 653K, committed 768K, reserved 1048576K
}
Event: 0.817 GC heap after
{Heap after GC invocations=1 (full 0):
 garbage-first heap   total 262144K, used 3631K [0x0000000700400000, 0x0000000800000000)
  region size 2048K, 2 young (4096K), 2 survivors (4096K)
 Metaspace       used 5427K, committed 5632K, reserved 1114112K
  class space    used 653K, committed 768K, reserved 1048576K
}
Event: 1.514 GC heap before
{Heap before GC invocations=1 (full 0):
 garbage-first heap   total 262144K, used 34351K [0x0000000700400000, 0x0000000800000000)
  region size 2048K, 17 young (34816K), 2 survivors (4096K)
 Metaspace       used 9414K, committed 9600K, reserved 1114112K
  class space    used 1142K, committed 1216K, reserved 1048576K
}
Event: 1.518 GC heap after
{Heap after GC invocations=2 (full 0):
 garbage-first heap   total 262144K, used 5167K [0x0000000700400000, 0x0000000800000000)
  region size 2048K, 1 young (2048K), 1 survivors (2048K)
 Metaspace       used 9414K, committed 9600K, reserved 1114112K
  class space    used 1142K, committed 1216K, reserved 1048576K
}
Event: 4.907 GC heap before
{Heap before GC invocations=2 (full 0):
 garbage-first heap   total 262144K, used 191535K [0x0000000700400000, 0x0000000800000000)
  region size 2048K, 76 young (155648K), 1 survivors (2048K)
 Metaspace       used 18563K, committed 18880K, reserved 1114112K
  class space    used 2122K, committed 2304K, reserved 1048576K
}

Deoptimization events (20 events):
Event: 4.871 Thread 0x000001f9b4137850 Uncommon trap: trap_request=0xffffffde fr.pc=0x000001f9c35be8a0 relative=0x0000000000000080
Event: 4.871 Thread 0x000001f9b4137850 Uncommon trap: reason=class_check action=maybe_recompile pc=0x000001f9c35be8a0 method=com.google.inject.internal.MoreTypes.getRawType(Ljava/lang/reflect/Type;)Ljava/lang/Class; @ 13 c2
Event: 4.871 Thread 0x000001f9b4137850 DEOPT PACKING pc=0x000001f9c35be8a0 sp=0x000000d93c7fdaa0
Event: 4.871 Thread 0x000001f9b4137850 DEOPT UNPACKING pc=0x000001f9c2f823a3 sp=0x000000d93c7fda30 mode 2
Event: 4.871 Thread 0x000001f9b4137850 Uncommon trap: trap_request=0xffffff45 fr.pc=0x000001f9c35c085c relative=0x0000000000000b1c
Event: 4.871 Thread 0x000001f9b4137850 Uncommon trap: reason=unstable_if action=reinterpret pc=0x000001f9c35c085c method=com.google.inject.internal.MoreTypes.canonicalize(Ljava/lang/reflect/Type;)Ljava/lang/reflect/Type; @ 16 c2
Event: 4.871 Thread 0x000001f9b4137850 DEOPT PACKING pc=0x000001f9c35c085c sp=0x000000d93c7fda20
Event: 4.871 Thread 0x000001f9b4137850 DEOPT UNPACKING pc=0x000001f9c2f823a3 sp=0x000000d93c7fda28 mode 2
Event: 4.871 Thread 0x000001f9b4137850 Uncommon trap: trap_request=0xffffffde fr.pc=0x000001f9c35be8a0 relative=0x0000000000000080
Event: 4.871 Thread 0x000001f9b4137850 Uncommon trap: reason=class_check action=maybe_recompile pc=0x000001f9c35be8a0 method=com.google.inject.internal.MoreTypes.getRawType(Ljava/lang/reflect/Type;)Ljava/lang/Class; @ 13 c2
Event: 4.871 Thread 0x000001f9b4137850 DEOPT PACKING pc=0x000001f9c35be8a0 sp=0x000000d93c7fda90
Event: 4.871 Thread 0x000001f9b4137850 DEOPT UNPACKING pc=0x000001f9c2f823a3 sp=0x000000d93c7fda20 mode 2
Event: 4.871 Thread 0x000001f9b4137850 Uncommon trap: trap_request=0xffffffde fr.pc=0x000001f9c35be8a0 relative=0x0000000000000080
Event: 4.871 Thread 0x000001f9b4137850 Uncommon trap: reason=class_check action=maybe_recompile pc=0x000001f9c35be8a0 method=com.google.inject.internal.MoreTypes.getRawType(Ljava/lang/reflect/Type;)Ljava/lang/Class; @ 13 c2
Event: 4.871 Thread 0x000001f9b4137850 DEOPT PACKING pc=0x000001f9c35be8a0 sp=0x000000d93c7fda90
Event: 4.871 Thread 0x000001f9b4137850 DEOPT UNPACKING pc=0x000001f9c2f823a3 sp=0x000000d93c7fda20 mode 2
Event: 4.872 Thread 0x000001f9b4137850 Uncommon trap: trap_request=0xffffffde fr.pc=0x000001f9c35be8a0 relative=0x0000000000000080
Event: 4.872 Thread 0x000001f9b4137850 Uncommon trap: reason=class_check action=maybe_recompile pc=0x000001f9c35be8a0 method=com.google.inject.internal.MoreTypes.getRawType(Ljava/lang/reflect/Type;)Ljava/lang/Class; @ 13 c2
Event: 4.872 Thread 0x000001f9b4137850 DEOPT PACKING pc=0x000001f9c35be8a0 sp=0x000000d93c7fda90
Event: 4.872 Thread 0x000001f9b4137850 DEOPT UNPACKING pc=0x000001f9c2f823a3 sp=0x000000d93c7fda18 mode 2

Classes unloaded (0 events):
No events

Classes redefined (0 events):
No events

Internal exceptions (20 events):
Event: 1.649 Thread 0x000001f9b4137850 Exception <a 'java/lang/ExceptionInInitializerError'{0x000000070ffed088}> (0x000000070ffed088) 
thrown [s\open\src\hotspot\share\oops\instanceKlass.cpp, line 1216]
Event: 1.684 Thread 0x000001f9b4137850 Implicit null exception at 0x000001f9c354bb2f to 0x000001f9c354bc48
Event: 1.686 Thread 0x000001f9b4137850 Exception <a 'java/lang/NoSuchMethodError'{0x000000070fcfcca8}: 'java.lang.Object java.lang.invoke.Invokers$Holder.invokeExact_MT(java.lang.Object, int, java.lang.Object)'> (0x000000070fcfcca8) 
thrown [s\open\src\hotspot\share\interpreter\linkResolver.cpp, line 759]
Event: 1.705 Thread 0x000001f9b4137850 Exception <a 'java/lang/NoSuchMethodError'{0x000000070fd8eb20}: 'int java.lang.invoke.DirectMethodHandle$Holder.invokeSpecial(java.lang.Object, java.lang.Object, java.lang.Object, java.lang.Object)'> (0x000000070fd8eb20) 
thrown [s\open\src\hotspot\share\interpreter\linkResolver.cpp, line 759]
Event: 1.997 Thread 0x000001f9b4137850 Exception <a 'java/lang/NoClassDefFoundError'{0x000000070f5b16a0}: com/google/inject/servlet/ServletModuleTargetVisitor> (0x000000070f5b16a0) 
thrown [s\open\src\hotspot\share\classfile\systemDictionary.cpp, line 245]
Event: 2.075 Thread 0x000001f9b4137850 Exception <a 'java/lang/NoSuchMethodError'{0x000000070f3456d8}: 'void java.lang.invoke.DirectMethodHandle$Holder.invokeVirtual(java.lang.Object, java.lang.Object)'> (0x000000070f3456d8) 
thrown [s\open\src\hotspot\share\interpreter\linkResolver.cpp, line 759]
Event: 2.101 Thread 0x000001f9b4137850 Exception <a 'java/lang/NoSuchMethodError'{0x000000070f3bdae8}: 'java.lang.Object java.lang.invoke.DirectMethodHandle$Holder.invokeStaticInit(java.lang.Object, int, int, int, int)'> (0x000000070f3bdae8) 
thrown [s\open\src\hotspot\share\interpreter\linkResolver.cpp, line 759]
Event: 2.235 Thread 0x000001f9b4137850 Implicit null exception at 0x000001f9c34f2a72 to 0x000001f9c34f3014
Event: 2.236 Thread 0x000001f9b4137850 Implicit null exception at 0x000001f9c3500c72 to 0x000001f9c350122c
Event: 2.283 Thread 0x000001f9b4137850 Exception <a 'java/lang/NoSuchMethodError'{0x000000070ede3618}: 'void java.lang.invoke.DirectMethodHandle$Holder.invokeSpecial(java.lang.Object, java.lang.Object, java.lang.Object, java.lang.Object, java.lang.Object)'> (0x000000070ede3618) 
thrown [s\open\src\hotspot\share\interpreter\linkResolver.cpp, line 759]
Event: 2.286 Thread 0x000001f9b4137850 Exception <a 'java/lang/NoSuchMethodError'{0x000000070ea01158}: 'void java.lang.invoke.DirectMethodHandle$Holder.invokeSpecial(java.lang.Object, java.lang.Object, java.lang.Object, java.lang.Object, java.lang.Object, java.lang.Object)'> (0x000000070ea01158) 
thrown [s\open\src\hotspot\share\interpreter\linkResolver.cpp, line 759]
Event: 2.305 Thread 0x000001f9b4137850 Exception <a 'java/lang/NoSuchMethodError'{0x000000070eb11ef0}: 'java.lang.Object java.lang.invoke.DirectMethodHandle$Holder.invokeVirtual(java.lang.Object, java.lang.Object, java.lang.Object)'> (0x000000070eb11ef0) 
thrown [s\open\src\hotspot\share\interpreter\linkResolver.cpp, line 759]
Event: 2.781 Thread 0x000001f9b4137850 Implicit null exception at 0x000001f9c35e033e to 0x000001f9c35e0d58
Event: 2.781 Thread 0x000001f9b4137850 Implicit null exception at 0x000001f9c35847ed to 0x000001f9c35849c4
Event: 2.781 Thread 0x000001f9b4137850 Implicit null exception at 0x000001f9c35de40f to 0x000001f9c35de489
Event: 3.828 Thread 0x000001f9b4137850 Exception <a 'java/lang/NoSuchMethodError'{0x000000070a025d78}: 'java.lang.Object java.lang.invoke.DirectMethodHandle$Holder.newInvokeSpecial(java.lang.Object, java.lang.Object, java.lang.Object, java.lang.Object, java.lang.Object, java.lang.Object, java.lang.Object)'> (0x000000070a025d78) 
thrown [s\open\src\hotspot\share\interpreter\linkResolver.cpp, line 759]
Event: 3.828 Thread 0x000001f9b4137850 Exception <a 'java/lang/NoSuchMethodError'{0x000000070a02a688}: 'java.lang.Object java.lang.invoke.Invokers$Holder.linkToTargetMethod(java.lang.Object, java.lang.Object, java.lang.Object, java.lang.Object, java.lang.Object, java.lang.Object, java.lang.Object)'> (0x000000070a02a688) 
thrown [s\open\src\hotspot\share\interpreter\linkResolver.cpp, line 759]
Event: 4.023 Thread 0x000001f9b4137850 Exception <a 'java/lang/NoSuchMethodError'{0x000000070960a3d8}: 'int java.lang.invoke.DirectMethodHandle$Holder.invokeVirtual(java.lang.Object, java.lang.Object)'> (0x000000070960a3d8) 
thrown [s\open\src\hotspot\share\interpreter\linkResolver.cpp, line 759]
Event: 4.074 Thread 0x000001f9b4137850 Exception <a 'java/lang/NoSuchMethodError'{0x00000007097babf0}: 'int java.lang.invoke.DirectMethodHandle$Holder.invokeStatic(java.lang.Object, java.lang.Object, int)'> (0x00000007097babf0) 
thrown [s\open\src\hotspot\share\interpreter\linkResolver.cpp, line 759]
Event: 4.856 Thread 0x000001f9b4137850 Exception <a 'java/lang/NoClassDefFoundError'{0x0000000706fb8048}: org/codehaus/plexus/util/io/CachingOutputStream> (0x0000000706fb8048) 
thrown [s\open\src\hotspot\share\classfile\systemDictionary.cpp, line 245]

VM Operations (20 events):
Event: 2.207 Executing VM operation: HandshakeAllThreads done
Event: 2.338 Executing VM operation: ICBufferFull
Event: 2.338 Executing VM operation: ICBufferFull done
Event: 2.685 Executing VM operation: ICBufferFull
Event: 2.685 Executing VM operation: ICBufferFull done
Event: 2.743 Executing VM operation: HandshakeAllThreads
Event: 2.743 Executing VM operation: HandshakeAllThreads done
Event: 2.979 Executing VM operation: ICBufferFull
Event: 2.979 Executing VM operation: ICBufferFull done
Event: 3.509 Executing VM operation: ICBufferFull
Event: 3.509 Executing VM operation: ICBufferFull done
Event: 3.630 Executing VM operation: HandshakeAllThreads
Event: 3.631 Executing VM operation: HandshakeAllThreads done
Event: 3.631 Executing VM operation: HandshakeAllThreads
Event: 3.631 Executing VM operation: HandshakeAllThreads done
Event: 3.983 Executing VM operation: ICBufferFull
Event: 3.984 Executing VM operation: ICBufferFull done
Event: 4.438 Executing VM operation: ICBufferFull
Event: 4.439 Executing VM operation: ICBufferFull done
Event: 4.907 Executing VM operation: G1CollectForAllocation

Events (20 events):
Event: 4.845 loading class javax/management/JMException
Event: 4.845 loading class javax/management/JMException done
Event: 4.845 loading class javax/management/OperationsException done
Event: 4.845 loading class javax/management/InstanceNotFoundException done
Event: 4.845 loading class javax/management/MBeanServerConnection
Event: 4.845 loading class javax/management/MBeanServerConnection done
Event: 4.846 loading class javax/management/ReflectionException
Event: 4.846 loading class javax/management/ReflectionException done
Event: 4.853 loading class java/io/PushbackInputStream
Event: 4.854 loading class java/io/PushbackInputStream done
Event: 4.854 loading class java/util/jar/JarOutputStream
Event: 4.854 loading class java/util/zip/ZipOutputStream
Event: 4.854 loading class java/util/zip/DeflaterOutputStream
Event: 4.854 loading class java/util/zip/DeflaterOutputStream done
Event: 4.854 loading class java/util/zip/ZipOutputStream done
Event: 4.854 loading class java/util/jar/JarOutputStream done
Event: 4.854 loading class java/util/zip/ZipException
Event: 4.854 loading class java/util/zip/ZipException done
Event: 4.875 loading class java/io/FileFilter
Event: 4.875 loading class java/io/FileFilter done


Dynamic libraries:
0x00007ff79b030000 - 0x00007ff79b040000 	C:\Program Files\Java\jdk-17-0-11\bin\java.exe
0x00007fff64b10000 - 0x00007fff64d08000 	C:\WINDOWS\SYSTEM32\ntdll.dll
0x00007fff640e0000 - 0x00007fff641a2000 	C:\WINDOWS\System32\KERNEL32.DLL
0x00007fff62830000 - 0x00007fff62b26000 	C:\WINDOWS\System32\KERNELBASE.dll
0x00007fff624a0000 - 0x00007fff625a0000 	C:\WINDOWS\System32\ucrtbase.dll
0x00007fff51dd0000 - 0x00007fff51de9000 	C:\Program Files\Java\jdk-17-0-11\bin\jli.dll
0x00007fff5c6d0000 - 0x00007fff5c6eb000 	C:\Program Files\Java\jdk-17-0-11\bin\VCRUNTIME140.dll
0x00007fff64850000 - 0x00007fff64901000 	C:\WINDOWS\System32\ADVAPI32.dll
0x00007fff62c00000 - 0x00007fff62c9e000 	C:\WINDOWS\System32\msvcrt.dll
0x00007fff62cd0000 - 0x00007fff62d6f000 	C:\WINDOWS\System32\sechost.dll
0x00007fff64650000 - 0x00007fff64770000 	C:\WINDOWS\System32\RPCRT4.dll
0x00007fff622c0000 - 0x00007fff622e7000 	C:\WINDOWS\System32\bcrypt.dll
0x00007fff62d70000 - 0x00007fff62f11000 	C:\WINDOWS\System32\USER32.dll
0x00007fff625a0000 - 0x00007fff625c2000 	C:\WINDOWS\System32\win32u.dll
0x00007fff64610000 - 0x00007fff6463b000 	C:\WINDOWS\System32\GDI32.dll
0x00007fff5b140000 - 0x00007fff5b3db000 	C:\WINDOWS\WinSxS\amd64_microsoft.windows.common-controls_6595b64144ccf1df_6.0.19041.6456_none_60b8a6cb71f64256\COMCTL32.dll
0x00007fff621a0000 - 0x00007fff622b9000 	C:\WINDOWS\System32\gdi32full.dll
0x00007fff625d0000 - 0x00007fff6266d000 	C:\WINDOWS\System32\msvcp_win.dll
0x00007fff5bf00000 - 0x00007fff5bf0a000 	C:\WINDOWS\SYSTEM32\VERSION.dll
0x00007fff62ca0000 - 0x00007fff62ccf000 	C:\WINDOWS\System32\IMM32.DLL
0x00007fff5e940000 - 0x00007fff5e94c000 	C:\Program Files\Java\jdk-17-0-11\bin\vcruntime140_1.dll
0x00007fff4f570000 - 0x00007fff4f5fe000 	C:\Program Files\Java\jdk-17-0-11\bin\msvcp140.dll
0x00007ffed9930000 - 0x00007ffeda510000 	C:\Program Files\Java\jdk-17-0-11\bin\server\jvm.dll
0x00007fff64640000 - 0x00007fff64648000 	C:\WINDOWS\System32\PSAPI.DLL
0x00007fff53560000 - 0x00007fff53569000 	C:\WINDOWS\SYSTEM32\WSOCK32.dll
0x00007fff5bed0000 - 0x00007fff5bef7000 	C:\WINDOWS\SYSTEM32\WINMM.dll
0x00007fff64330000 - 0x00007fff6439b000 	C:\WINDOWS\System32\WS2_32.dll
0x00007fff60030000 - 0x00007fff60042000 	C:\WINDOWS\SYSTEM32\kernel.appcore.dll
0x00007fff5c6c0000 - 0x00007fff5c6ca000 	C:\Program Files\Java\jdk-17-0-11\bin\jimage.dll
0x00007fff52eb0000 - 0x00007fff530b1000 	C:\WINDOWS\SYSTEM32\DBGHELP.DLL
0x00007fff52e70000 - 0x00007fff52ea4000 	C:\WINDOWS\SYSTEM32\dbgcore.DLL
0x00007fff627a0000 - 0x00007fff62822000 	C:\WINDOWS\System32\bcryptPrimitives.dll
0x00007fff4a840000 - 0x00007fff4a865000 	C:\Program Files\Java\jdk-17-0-11\bin\java.dll
0x00007fff45c10000 - 0x00007fff45ce7000 	C:\Program Files\Java\jdk-17-0-11\bin\jsvml.dll
0x00007fff62f20000 - 0x00007fff63690000 	C:\WINDOWS\System32\SHELL32.dll
0x00007fff60230000 - 0x00007fff609d5000 	C:\WINDOWS\SYSTEM32\windows.storage.dll
0x00007fff63c90000 - 0x00007fff63fe4000 	C:\WINDOWS\System32\combase.dll
0x00007fff61bd0000 - 0x00007fff61bfb000 	C:\WINDOWS\SYSTEM32\Wldp.dll
0x00007fff643a0000 - 0x00007fff6446d000 	C:\WINDOWS\System32\OLEAUT32.dll
0x00007fff62b50000 - 0x00007fff62bfd000 	C:\WINDOWS\System32\SHCORE.dll
0x00007fff64080000 - 0x00007fff640db000 	C:\WINDOWS\System32\shlwapi.dll
0x00007fff620d0000 - 0x00007fff620f4000 	C:\WINDOWS\SYSTEM32\profapi.dll
0x00007fff4f9f0000 - 0x00007fff4fa09000 	C:\Program Files\Java\jdk-17-0-11\bin\net.dll
0x00007fff5bba0000 - 0x00007fff5bcaa000 	C:\WINDOWS\SYSTEM32\WINHTTP.dll
0x00007fff618c0000 - 0x00007fff6192a000 	C:\WINDOWS\system32\mswsock.dll
0x00007fff46d60000 - 0x00007fff46d76000 	C:\Program Files\Java\jdk-17-0-11\bin\nio.dll
0x00007fff46d40000 - 0x00007fff46d58000 	C:\Program Files\Java\jdk-17-0-11\bin\zip.dll
0x00007fff45740000 - 0x00007fff45764000 	C:\Program Files (x86)\Java\apache-maven-3.9.9\lib\jansi-native\Windows\x86_64\jansi.dll
0x00007fff52e10000 - 0x00007fff52e20000 	C:\Program Files\Java\jdk-17-0-11\bin\verify.dll

dbghelp: loaded successfully - version: 4.0.5 - missing functions: none
symbol engine: initialized successfully - sym options: 0x614 - pdb path: .;C:\Program Files\Java\jdk-17-0-11\bin;C:\WINDOWS\SYSTEM32;C:\WINDOWS\WinSxS\amd64_microsoft.windows.common-controls_6595b64144ccf1df_6.0.19041.6456_none_60b8a6cb71f64256;C:\Program Files\Java\jdk-17-0-11\bin\server;C:\Program Files (x86)\Java\apache-maven-3.9.9\lib\jansi-native\Windows\x86_64

VM Arguments:
jvm_args: -Dclassworlds.conf=C:\Program Files (x86)\Java\apache-maven-3.9.9\bin\m2.conf -Dmaven.home=C:\Program Files (x86)\Java\apache-maven-3.9.9 -Dlibrary.jansi.path=C:\Program Files (x86)\Java\apache-maven-3.9.9\lib\jansi-native -Dmaven.multiModuleProjectDirectory=F:\login-register-portal 
java_command: org.codehaus.plexus.classworlds.launcher.Launcher spring-boot:run
java_class_path (initial): C:\Program Files (x86)\Java\apache-maven-3.9.9\boot\plexus-classworlds-2.8.0.jar
Launcher Type: SUN_STANDARD

[Global flags]
     intx CICompilerCount                          = 4                                         {product} {ergonomic}
     uint ConcGCThreads                            = 2                                         {product} {ergonomic}
     uint G1ConcRefinementThreads                  = 8                                         {product} {ergonomic}
   size_t G1HeapRegionSize                         = 2097152                                   {product} {ergonomic}
    uintx GCDrainStackTargetSize                   = 64                                        {product} {ergonomic}
   size_t InitialHeapSize                          = 268435456                                 {product} {ergonomic}
   size_t MarkStackSize                            = 4194304                                   {product} {ergonomic}
   size_t MaxHeapSize                              = 4290772992                                {product} {ergonomic}
   size_t MaxNewSize                               = 2573205504                                {product} {ergonomic}
   size_t MinHeapDeltaBytes                        = 2097152                                   {product} {ergonomic}
   size_t MinHeapSize                              = 8388608                                   {product} {ergonomic}
    uintx NonNMethodCodeHeapSize                   = 5839372                                {pd product} {ergonomic}
    uintx NonProfiledCodeHeapSize                  = 122909434                              {pd product} {ergonomic}
    uintx ProfiledCodeHeapSize                     = 122909434                              {pd product} {ergonomic}
    uintx ReservedCodeCacheSize                    = 251658240                              {pd product} {ergonomic}
     bool SegmentedCodeCache                       = true                                      {product} {ergonomic}
   size_t SoftMaxHeapSize                          = 4290772992                             {manageable} {ergonomic}
     bool UseCompressedClassPointers               = true                           {product lp64_product} {ergonomic}
     bool UseCompressedOops                        = true                           {product lp64_product} {ergonomic}
     bool UseG1GC                                  = true                                      {product} {ergonomic}
     bool UseLargePagesIndividualAllocation        = false                                  {pd product} {ergonomic}

Logging:
Log output configuration:
 #0: stdout all=warning uptime,level,tags
 #1: stderr all=off uptime,level,tags

Environment Variables:
JAVA_HOME=C:\Program Files\Java\jdk-17-0-11
PATH=C:\Program Files\Common Files\Oracle\Java\javapath;C:\WINDOWS\system32;C:\WINDOWS;C:\WINDOWS\System32\Wbem;C:\WINDOWS\System32\WindowsPowerShell\v1.0\;C:\Program Files\Git\cmd;C:\WINDOWS\System32\OpenSSH\;C:\Program Files (x86)\PuTTY\;C:\Program Files\Java\jdk-17-0-11\bin;C:\Program Files (x86)\Java\apache-maven-3.9.9\bin;;C:\Program Files\Docker\Docker\resources\bin;C:\Program Files\cursor\resources\app\bin;C:\Users\user\AppData\Local\pnpm;C:\Users\user\AppData\Local\Programs\Python\Python39\Scripts\;C:\Users\user\AppData\Local\Programs\Python\Python39\;C:\Users\user\AppData\Local\Microsoft\WindowsApps;E:\Program Files\PyCharm Community Edition 2020.2\bin;;C:\Program Files\JetBrains\IntelliJ IDEA 2025.1.1.1\bin;;C:\Program Files\Java\jdk-17-0-11\bin;C:\Program Files (x86)\Java\apache-maven-3.9.9\bin;c:\Users\user\.cursor\extensions\vscjava.vscode-java-debug-0.58.3-universal\bundled\scripts\noConfigScripts
USERNAME=user
LANG=en_US.UTF-8
OS=Windows_NT
PROCESSOR_IDENTIFIER=Intel64 Family 6 Model 42 Stepping 7, GenuineIntel



---------------  S Y S T E M  ---------------

OS:
 Windows 10 , 64 bit Build 19041 (10.0.19041.5915)
OS uptime: 28 days 0:25 hours

CPU: total 8 (initial active 8) (4 cores per cpu, 2 threads per core) family 6 model 42 stepping 7 microcode 0x2f, cx8, cmov, fxsr, ht, mmx, sse, sse2, sse3, ssse3, sse4.1, sse4.2, popcnt, tsc, tscinvbit, avx, aes, clmul, vzeroupper, clflush

Memory: 4k page, system-wide physical 16365M (8633M free)
TotalPageFile size 19550M (AvailPageFile size 10245M)
current process WorkingSet (physical memory assigned to process): 300M, peak: 300M
current process commit charge ("private bytes"): 407M, peak: 409M

vm_info: Java HotSpot(TM) 64-Bit Server VM (17.0.11+7-LTS-207) for windows-amd64 JRE (17.0.11+7-LTS-207), built on Mar 11 2024 19:01:50 by "mach5one" with MS VC++ 17.6 (VS2022)

END.
